number,value,datetime_start,datetime_complete,duration,params_colsample_bytree,params_gamma,params_learning_rate,params_max_bin,params_max_depth,params_min_child_weight,params_reg_alpha,params_reg_lambda,params_subsample,user_attrs_best_iteration,user_attrs_checkpoint_resumed,user_attrs_checkpoint_stage,user_attrs_tuning_train_rows,user_attrs_tuning_validation_rows,system_attrs_tpe:relative_params:0,state
0,0.19551469385623932,2026-09-21 14:17:57.711692,2026-09-21 14:18:00.775598,0 days 00:00:03.063906,0.6624074561769746,0.3426417745118369,0.17254716573280354,256,6,12.640395588249113,2.5348407664333426e-07,0.0019517224641449498,0.8394633936788146,28.0,False,optuna_trial_a889c0db767e3c9082b2,479345.0,38760.0,,COMPLETE
1,0.18672938644886017,2026-09-21 14:18:00.913441,2026-09-21 14:18:06.049481,0 days 00:00:05.136040,0.6733618039413735,5.7210634014350856e-05,0.12106896936002161,256,12,2.0873833155670938,5.472429642032198e-06,0.4205156450913872,0.6727299868828402,43.0,False,optuna_trial_1f302b5e941895358e67,479345.0,38760.0,,COMPLETE
2,0.19001995027065277,2026-09-21 14:18:06.174661,2026-09-21 14:18:15.288215,0 days 00:00:09.113554,0.6798695128633439,2.535541638745669e-08,0.029967309097101588,128,5,4.857957676852625,0.00042472707398058225,0.9163741808778786,0.9140703845572055,224.0,False,optuna_trial_ee6dfb1ef460ab85c0c6,479345.0,38760.0,,COMPLETE
3,0.2002803236246109,2026-09-21 14:18:15.413075,2026-09-21 14:18:19.723698,0 days 00:00:04.310623,0.6390688456025535,1.1524098038940883e-07,0.18043311207136256,512,12,16.47248994007387,0.014391207615728067,0.15876781526924,0.7218455076693483,22.0,False,optuna_trial_46307027512615b79509,479345.0,38760.0,,COMPLETE
4,0.19041499495506287,2026-09-21 14:18:19.860946,2026-09-21 14:18:28.533885,0 days 00:00:08.672939,0.8186841117373118,0.05531681668096113,0.07277150634170934,128,5,2.9455874405973264,4.609885087947832e-07,70.45683638454501,0.8080272084711243,208.0,False,optuna_trial_2bbd776876636efb984c,479345.0,38760.0,,COMPLETE
5,0.2833054290100225,2026-09-21 14:18:28.662627,2026-09-21 14:18:30.853386,0 days 00:00:02.190759,0.7960009734854947,1.1381087588461655e-08,0.05606854568032344,256,11,2.4140239702387456,2.265582220821901e-08,25.626007020231807,0.7153054731141388,,,optuna_trial_218500292bfd364fb7c3,,,"{""colsample_bytree"": 0.7960009734854947, ""gamma"": 1.1381087588461655e-08, ""learning_rate"": 0.05606854568032344, ""max_bin"": 256, ""max_depth"": 11, ""min_child_weight"": 2.4140239702387456, ""reg_alpha"": 2.265582220821901e-08, ""reg_lambda"": 25.626007020231807, ""subsample"": 0.7153054731141388}",PRUNED
6,0.28173521844135796,2026-09-21 14:18:30.984783,2026-09-21 14:18:33.344894,0 days 00:00:02.360111,0.6334638132366334,2.4058561677705558e-08,0.05557114008628838,256,11,1.0415747418422356,0.0607240458997178,0.2914779591291866,0.808868916958629,,,optuna_trial_559bd747b5ce0ae4483e,,,"{""colsample_bytree"": 0.6334638132366334, ""gamma"": 2.4058561677705558e-08, ""learning_rate"": 0.05557114008628838, ""max_bin"": 256, ""max_depth"": 11, ""min_child_weight"": 1.0415747418422356, ""reg_alpha"": 0.0607240458997178, ""reg_lambda"": 0.2914779591291866, ""subsample"": 0.808868916958629}",PRUNED
7,0.6312069356160852,2026-09-21 14:18:33.480288,2026-09-21 14:18:35.366970,0 days 00:00:01.886682,0.9743242310674745,1.0301612248336002e-05,0.016569088212145117,256,9,5.24522139638248,8.661384340092029e-06,37.17480030433097,0.6902758690163547,,,optuna_trial_e2a685c1e0b144a9b9d7,,,"{""colsample_bytree"": 0.9743242310674745, ""gamma"": 1.0301612248336002e-05, ""learning_rate"": 0.016569088212145117, ""max_bin"": 256, ""max_depth"": 9, ""min_child_weight"": 5.24522139638248, ""reg_alpha"": 8.661384340092029e-06, ""reg_lambda"": 37.17480030433097, ""subsample"": 0.6902758690163547}",PRUNED
8,0.1915021687746048,2026-09-21 14:18:35.496631,2026-09-21 14:18:39.672179,0 days 00:00:04.175548,0.8655462078258783,2.6017304474714496e-07,0.16151905832293081,256,9,3.5394184630835928,0.5674471978431366,0.3094950821125438,0.6039638143377456,35.0,False,optuna_trial_cffd36fb2622565924c4,479345.0,38760.0,"{""colsample_bytree"": 0.8655462078258783, ""gamma"": 2.6017304474714496e-07, ""learning_rate"": 0.16151905832293081, ""max_bin"": 256, ""max_depth"": 9, ""min_child_weight"": 3.5394184630835928, ""reg_alpha"": 0.5674471978431366, ""reg_lambda"": 0.3094950821125438, ""subsample"": 0.6039638143377456}",COMPLETE
9,0.49934458823603556,2026-09-21 14:18:39.798497,2026-09-21 14:18:41.337037,0 days 00:00:01.538540,0.7959397489649943,1.2818587453943026e-07,0.03371828422249886,256,3,1.877052886263423,2.545961658250861e-06,2.338269479041633,0.6453350549066903,,,optuna_trial_77a115fbe886b05a53d0,,,"{""colsample_bytree"": 0.7959397489649943, ""gamma"": 1.2818587453943026e-07, ""learning_rate"": 0.03371828422249886, ""max_bin"": 256, ""max_depth"": 3, ""min_child_weight"": 1.877052886263423, ""reg_alpha"": 2.545961658250861e-06, ""reg_lambda"": 2.338269479041633, ""subsample"": 0.6453350549066903}",PRUNED
10,0.20654110852088317,2026-09-21 14:18:41.465062,2026-09-21 14:18:43.447928,0 days 00:00:01.982866,0.6230299289992391,0.0004168465170284366,0.0938682242639685,256,9,4.5250177290729585,9.177613964807609e-06,0.0017785344784043524,0.6017820666632213,,,optuna_trial_7beaeca675a876e5b070,,,"{""colsample_bytree"": 0.6230299289992391, ""gamma"": 0.0004168465170284366, ""learning_rate"": 0.0938682242639685, ""max_bin"": 256, ""max_depth"": 9, ""min_child_weight"": 4.5250177290729585, ""reg_alpha"": 9.177613964807609e-06, ""reg_lambda"": 0.0017785344784043524, ""subsample"": 0.6017820666632213}",PRUNED
11,0.44577561807564015,2026-09-21 14:18:43.583389,2026-09-21 14:18:45.214316,0 days 00:00:01.630927,0.769239864784096,1.7792608136314394e-07,0.030224547678178858,128,6,5.160129539822971,0.00022024814583567666,0.295958651688657,0.7979441714338799,,,optuna_trial_53af84026dd9eda35f70,,,"{""colsample_bytree"": 0.769239864784096, ""gamma"": 1.7792608136314394e-07, ""learning_rate"": 0.030224547678178858, ""max_bin"": 128, ""max_depth"": 6, ""min_child_weight"": 5.160129539822971, ""reg_alpha"": 0.00022024814583567666, ""reg_lambda"": 0.295958651688657, ""subsample"": 0.7979441714338799}",PRUNED
12,0.19361034035682678,2026-09-21 14:18:45.345514,2026-09-21 14:18:52.134262,0 days 00:00:06.788748,0.6027512645191087,7.123804664025042e-05,0.1136637860576778,256,12,1.5940905453578114,1.8872278614767344e-05,0.0620622464260983,0.9197518169125465,50.0,False,optuna_trial_a5427b44d9074826a04e,479345.0,38760.0,"{""colsample_bytree"": 0.6027512645191087, ""gamma"": 7.123804664025042e-05, ""learning_rate"": 0.1136637860576778, ""max_bin"": 256, ""max_depth"": 12, ""min_child_weight"": 1.5940905453578114, ""reg_alpha"": 1.8872278614767344e-05, ""reg_lambda"": 0.0620622464260983, ""subsample"": 0.9197518169125465}",COMPLETE
13,0.44484274749931474,2026-09-21 14:18:52.264996,2026-09-21 14:18:53.774256,0 days 00:00:01.509260,0.658738210651117,1.581444202102537e-07,0.030802635433302212,128,7,2.553325206248223,0.001072587041941631,7.259794902697816,0.8225030470522673,,,optuna_trial_c4e21a7d4d10b2615261,,,"{""colsample_bytree"": 0.658738210651117, ""gamma"": 1.581444202102537e-07, ""learning_rate"": 0.030802635433302212, ""max_bin"": 128, ""max_depth"": 7, ""min_child_weight"": 2.553325206248223, ""reg_alpha"": 0.001072587041941631, ""reg_lambda"": 7.259794902697816, ""subsample"": 0.8225030470522673}",PRUNED
14,0.18998590111732483,2026-09-21 14:18:53.904671,2026-09-21 14:18:59.172234,0 days 00:00:05.267563,0.6632753913947335,0.0015553040563409358,0.1151532206839818,256,11,5.280998091577,3.3857925201122554e-05,1.5921121844010087,0.650661761751878,62.0,False,optuna_trial_8bbe3aa5d7cb98fb92a9,479345.0,38760.0,"{""colsample_bytree"": 0.6632753913947335, ""gamma"": 0.0015553040563409358, ""learning_rate"": 0.1151532206839818, ""max_bin"": 256, ""max_depth"": 11, ""min_child_weight"": 5.280998091577, ""reg_alpha"": 3.3857925201122554e-05, ""reg_lambda"": 1.5921121844010087, ""subsample"": 0.650661761751878}",COMPLETE
